Using pre-set license
Built from '2020.3/release' branch; Version is '2020.3.7f1 (dd97f2c94397) revision 14522354'; Using compiler version '192528614'; Build Type 'Release'
OS: 'Windows 10 Home; OS build 19043.1348; Version 2009; 64bit' Language: 'en' Physical Memory: 7959 MB
BatchMode: 1, IsHumanControllingUs: 0, StartBugReporterOnCrash: 0, Is64bit: 1, IsPro: 0

 COMMAND LINE ARGUMENTS:
C:\Program Files\Unity\Hub\Editor\2020.3.7f1\Editor\Unity.exe
-adb2
-batchMode
-noUpm
-name
AssetImportWorker0
-projectPath
D:/Unity/projects/island shooter game
-logFile
Logs/AssetImportWorker0.log
-srvPort
50014
Successfully changed project path to: D:/Unity/projects/island shooter game
D:/Unity/projects/island shooter game
Using Asset Import Pipeline V2.
Refreshing native plugins compatible for Editor in 27.96 ms, found 0 plugins.
Preloading 0 native plugins for Editor in 0.00 ms.
Initialize engine version: 2020.3.7f1 (dd97f2c94397)
[Subsystems] Discovering subsystems at path C:/Program Files/Unity/Hub/Editor/2020.3.7f1/Editor/Data/Resources/UnitySubsystems
[Subsystems] Discovering subsystems at path D:/Unity/projects/island shooter game/Assets
GfxDevice: creating device client; threaded=0
Direct3D:
    Version:  Direct3D 11.0 [level 11.1]
    Renderer: Intel(R) UHD Graphics (ID=0x8a56)
    Vendor:   
    VRAM:     3979 MB
    Driver:   27.20.100.9365
Initialize mono
Mono path[0] = 'C:/Program Files/Unity/Hub/Editor/2020.3.7f1/Editor/Data/Managed'
Mono path[1] = 'C:/Program Files/Unity/Hub/Editor/2020.3.7f1/Editor/Data/MonoBleedingEdge/lib/mono/unityjit'
Mono config path = 'C:/Program Files/Unity/Hub/Editor/2020.3.7f1/Editor/Data/MonoBleedingEdge/etc'
Using monoOptions --debugger-agent=transport=dt_socket,embedding=1,server=y,suspend=n,address=127.0.0.1:56076
Begin MonoManager ReloadAssembly
Registering precompiled unity dll's ...
Register platform support module: C:/Program Files/Unity/Hub/Editor/2020.3.7f1/Editor/Data/PlaybackEngines/WindowsStandaloneSupport/UnityEditor.WindowsStandalone.Extensions.dll
Registered in 0.001667 seconds.
Native extension for WindowsStandalone target not found
Refreshing native plugins compatible for Editor in 33.52 ms, found 0 plugins.
Preloading 0 native plugins for Editor in 0.00 ms.
Mono: successfully reloaded assembly
- Completed reload, in  1.082 seconds
Platform modules already initialized, skipping
Registering precompiled user dll's ...
Registered in 0.000523 seconds.
Begin MonoManager ReloadAssembly
Native extension for WindowsStandalone target not found
Refreshing native plugins compatible for Editor in 0.29 ms, found 0 plugins.
Preloading 0 native plugins for Editor in 0.00 ms.
Mono: successfully reloaded assembly
- Completed reload, in  0.884 seconds
Platform modules already initialized, skipping
========================================================================
Worker process is ready to serve import requests
Launched and connected shader compiler UnityShaderCompiler.exe after 0.12 seconds
Refreshing native plugins compatible for Editor in 0.36 ms, found 0 plugins.
Preloading 0 native plugins for Editor in 0.00 ms.
Unloading 1499 Unused Serialized files (Serialized files now loaded: 0)
System memory in use before: 75.3 MB.
System memory in use after: 75.4 MB.

Unloading 10 unused Assets to reduce memory usage. Loaded Objects now: 1947.
Total: 2.944700 ms (FindLiveObjects: 0.332600 ms CreateObjectMapping: 0.114800 ms MarkObjects: 2.317600 ms  DeleteObjects: 0.178200 ms)

========================================================================
Received Import Request.
  path: Assets/Scenes/home.unity
  artifactKey: Guid(8ee1d73958ddfee468982bd8c24232a5) Importer(815301076,1909f56bfc062723c751e8b465ee728b)
Start importing Assets/Scenes/home.unity using Guid(8ee1d73958ddfee468982bd8c24232a5) Importer(815301076,1909f56bfc062723c751e8b465ee728b)  -> (artifact id: 'e07547861f2a438eef70255b6e1b8dd4') in 0.022245 seconds
  Import took 0.025834 seconds .

========================================================================
Received Prepare
Registering precompiled user dll's ...
Registered in 0.001948 seconds.
Begin MonoManager ReloadAssembly
Native extension for WindowsStandalone target not found
Refreshing native plugins compatible for Editor in 0.59 ms, found 0 plugins.
Preloading 0 native plugins for Editor in 0.00 ms.
Mono: successfully reloaded assembly
- Completed reload, in  6.218 seconds
Platform modules already initialized, skipping
Refreshing native plugins compatible for Editor in 0.25 ms, found 0 plugins.
Preloading 0 native plugins for Editor in 0.00 ms.
Unloading 1458 Unused Serialized files (Serialized files now loaded: 0)
System memory in use before: 71.8 MB.
System memory in use after: 71.8 MB.

Unloading 5 unused Assets to reduce memory usage. Loaded Objects now: 1950.
Total: 2.659600 ms (FindLiveObjects: 0.249500 ms CreateObjectMapping: 0.267800 ms MarkObjects: 2.015400 ms  DeleteObjects: 0.124900 ms)

========================================================================
Received Prepare
Registering precompiled user dll's ...
Registered in 0.001433 seconds.
Begin MonoManager ReloadAssembly
Native extension for WindowsStandalone target not found
Refreshing native plugins compatible for Editor in 0.78 ms, found 0 plugins.
Preloading 0 native plugins for Editor in 0.00 ms.
Mono: successfully reloaded assembly
- Completed reload, in  9.049 seconds
Platform modules already initialized, skipping
Refreshing native plugins compatible for Editor in 2.05 ms, found 0 plugins.
Preloading 0 native plugins for Editor in 0.00 ms.
Unloading 1458 Unused Serialized files (Serialized files now loaded: 0)
System memory in use before: 71.8 MB.
System memory in use after: 71.9 MB.

Unloading 5 unused Assets to reduce memory usage. Loaded Objects now: 1953.
Total: 16.062000 ms (FindLiveObjects: 0.283200 ms CreateObjectMapping: 0.116400 ms MarkObjects: 15.072600 ms  DeleteObjects: 0.583200 ms)

========================================================================
Received Prepare
Registering precompiled user dll's ...
Registered in 0.001979 seconds.
Begin MonoManager ReloadAssembly
Native extension for WindowsStandalone target not found
Refreshing native plugins compatible for Editor in 0.60 ms, found 0 plugins.
Preloading 0 native plugins for Editor in 0.00 ms.
Mono: successfully reloaded assembly
- Completed reload, in  1.113 seconds
Platform modules already initialized, skipping
Refreshing native plugins compatible for Editor in 0.26 ms, found 0 plugins.
Preloading 0 native plugins for Editor in 0.00 ms.
Unloading 1458 Unused Serialized files (Serialized files now loaded: 0)
System memory in use before: 71.8 MB.
System memory in use after: 71.9 MB.

Unloading 5 unused Assets to reduce memory usage. Loaded Objects now: 1956.
Total: 2.448200 ms (FindLiveObjects: 0.235000 ms CreateObjectMapping: 0.080300 ms MarkObjects: 2.028900 ms  DeleteObjects: 0.101500 ms)

========================================================================
Received Prepare
Registering precompiled user dll's ...
Registered in 0.000781 seconds.
Begin MonoManager ReloadAssembly
Native extension for WindowsStandalone target not found
Refreshing native plugins compatible for Editor in 0.38 ms, found 0 plugins.
Preloading 0 native plugins for Editor in 0.00 ms.
Mono: successfully reloaded assembly
- Completed reload, in  1.527 seconds
Platform modules already initialized, skipping
Refreshing native plugins compatible for Editor in 0.44 ms, found 0 plugins.
Preloading 0 native plugins for Editor in 0.00 ms.
Unloading 1458 Unused Serialized files (Serialized files now loaded: 0)
System memory in use before: 71.8 MB.
System memory in use after: 71.9 MB.

Unloading 5 unused Assets to reduce memory usage. Loaded Objects now: 1959.
Total: 2.914500 ms (FindLiveObjects: 0.363700 ms CreateObjectMapping: 0.117300 ms MarkObjects: 2.299200 ms  DeleteObjects: 0.131900 ms)

========================================================================
Received Prepare
Registering precompiled user dll's ...
Registered in 0.000850 seconds.
Begin MonoManager ReloadAssembly
Native extension for WindowsStandalone target not found
Refreshing native plugins compatible for Editor in 0.45 ms, found 0 plugins.
Preloading 0 native plugins for Editor in 0.00 ms.
Mono: successfully reloaded assembly
- Completed reload, in  1.022 seconds
Platform modules already initialized, skipping
Refreshing native plugins compatible for Editor in 0.25 ms, found 0 plugins.
Preloading 0 native plugins for Editor in 0.00 ms.
Unloading 1458 Unused Serialized files (Serialized files now loaded: 0)
System memory in use before: 71.8 MB.
System memory in use after: 71.9 MB.

Unloading 5 unused Assets to reduce memory usage. Loaded Objects now: 1962.
Total: 9.783600 ms (FindLiveObjects: 3.038900 ms CreateObjectMapping: 1.050800 ms MarkObjects: 5.468000 ms  DeleteObjects: 0.224400 ms)

========================================================================
Received Prepare
Registering precompiled user dll's ...
Registered in 0.000540 seconds.
Begin MonoManager ReloadAssembly
Native extension for WindowsStandalone target not found
Refreshing native plugins compatible for Editor in 0.26 ms, found 0 plugins.
Preloading 0 native plugins for Editor in 0.00 ms.
Mono: successfully reloaded assembly
- Completed reload, in  1.206 seconds
Platform modules already initialized, skipping
Refreshing native plugins compatible for Editor in 3.21 ms, found 0 plugins.
Preloading 0 native plugins for Editor in 0.00 ms.
Unloading 1458 Unused Serialized files (Serialized files now loaded: 0)
System memory in use before: 71.8 MB.
System memory in use after: 71.9 MB.

Unloading 5 unused Assets to reduce memory usage. Loaded Objects now: 1965.
Total: 23.896300 ms (FindLiveObjects: 3.249900 ms CreateObjectMapping: 0.666900 ms MarkObjects: 19.069000 ms  DeleteObjects: 0.904200 ms)

========================================================================
Received Prepare
Registering precompiled user dll's ...
Registered in 0.000641 seconds.
Begin MonoManager ReloadAssembly
Native extension for WindowsStandalone target not found
Refreshing native plugins compatible for Editor in 0.25 ms, found 0 plugins.
Preloading 0 native plugins for Editor in 0.00 ms.
Mono: successfully reloaded assembly
- Completed reload, in  0.904 seconds
Platform modules already initialized, skipping
Refreshing native plugins compatible for Editor in 0.26 ms, found 0 plugins.
Preloading 0 native plugins for Editor in 0.00 ms.
Unloading 1458 Unused Serialized files (Serialized files now loaded: 0)
System memory in use before: 71.8 MB.
System memory in use after: 71.9 MB.

Unloading 5 unused Assets to reduce memory usage. Loaded Objects now: 1968.
Total: 2.300100 ms (FindLiveObjects: 0.189400 ms CreateObjectMapping: 0.065400 ms MarkObjects: 1.923800 ms  DeleteObjects: 0.119900 ms)

========================================================================
Received Prepare
Registering precompiled user dll's ...
Registered in 0.000526 seconds.
Begin MonoManager ReloadAssembly
Native extension for WindowsStandalone target not found
Refreshing native plugins compatible for Editor in 0.26 ms, found 0 plugins.
Preloading 0 native plugins for Editor in 0.00 ms.
Mono: successfully reloaded assembly
- Completed reload, in  0.886 seconds
Platform modules already initialized, skipping
Refreshing native plugins compatible for Editor in 0.29 ms, found 0 plugins.
Preloading 0 native plugins for Editor in 0.00 ms.
Unloading 1458 Unused Serialized files (Serialized files now loaded: 0)
System memory in use before: 71.8 MB.
System memory in use after: 71.9 MB.

Unloading 5 unused Assets to reduce memory usage. Loaded Objects now: 1971.
Total: 1.997400 ms (FindLiveObjects: 0.380100 ms CreateObjectMapping: 0.107400 ms MarkObjects: 1.415200 ms  DeleteObjects: 0.093100 ms)

========================================================================
Received Import Request.
  Time since last request: 567.915173 seconds.
  path: Assets/Scenes/Level3.unity
  artifactKey: Guid(7c5b023651881d34f88e3ff2575c09ff) Importer(815301076,1909f56bfc062723c751e8b465ee728b)
Start importing Assets/Scenes/Level3.unity using Guid(7c5b023651881d34f88e3ff2575c09ff) Importer(815301076,1909f56bfc062723c751e8b465ee728b)  -> (artifact id: '10ea1edf42164f3dfd98dddc4c95a9f1') in 0.082471 seconds
  Import took 0.085311 seconds .

========================================================================
Received Prepare
Registering precompiled user dll's ...
Registered in 0.001156 seconds.
Begin MonoManager ReloadAssembly
Native extension for WindowsStandalone target not found
Refreshing native plugins compatible for Editor in 1.00 ms, found 0 plugins.
Preloading 0 native plugins for Editor in 0.00 ms.
Mono: successfully reloaded assembly
- Completed reload, in 12.978 seconds
Platform modules already initialized, skipping
Refreshing native plugins compatible for Editor in 3.13 ms, found 0 plugins.
Preloading 0 native plugins for Editor in 0.00 ms.
Unloading 1458 Unused Serialized files (Serialized files now loaded: 0)
System memory in use before: 71.8 MB.
System memory in use after: 71.9 MB.

Unloading 5 unused Assets to reduce memory usage. Loaded Objects now: 1974.
Total: 8.508600 ms (FindLiveObjects: 0.361600 ms CreateObjectMapping: 0.114300 ms MarkObjects: 5.053200 ms  DeleteObjects: 2.959000 ms)

========================================================================
Received Import Request.
  Time since last request: 78.995307 seconds.
  path: Assets/Scenes/probuilder.unity
  artifactKey: Guid(8e78bb12ff0090b46ab0026e0cda8f65) Importer(815301076,1909f56bfc062723c751e8b465ee728b)
Start importing Assets/Scenes/probuilder.unity using Guid(8e78bb12ff0090b46ab0026e0cda8f65) Importer(815301076,1909f56bfc062723c751e8b465ee728b)  -> (artifact id: 'c14b63df6d4bfdf2f4dd8c84863d9139') in 0.024488 seconds
  Import took 0.119877 seconds .

========================================================================
Received Prepare
Registering precompiled user dll's ...
Registered in 0.000987 seconds.
Begin MonoManager ReloadAssembly
Native extension for WindowsStandalone target not found
Refreshing native plugins compatible for Editor in 0.27 ms, found 0 plugins.
Preloading 0 native plugins for Editor in 0.00 ms.
Mono: successfully reloaded assembly
- Completed reload, in  0.915 seconds
Platform modules already initialized, skipping
Refreshing native plugins compatible for Editor in 0.25 ms, found 0 plugins.
Preloading 0 native plugins for Editor in 0.00 ms.
Unloading 1458 Unused Serialized files (Serialized files now loaded: 0)
System memory in use before: 71.9 MB.
System memory in use after: 71.9 MB.

Unloading 5 unused Assets to reduce memory usage. Loaded Objects now: 1977.
Total: 2.075700 ms (FindLiveObjects: 0.226700 ms CreateObjectMapping: 0.077600 ms MarkObjects: 1.656600 ms  DeleteObjects: 0.112200 ms)

========================================================================
Received Import Request.
  Time since last request: 632.399919 seconds.
  path: Assets/Prefabs/Player.prefab
  artifactKey: Guid(63640173d016f7c408530c98ffbad198) Importer(815301076,1909f56bfc062723c751e8b465ee728b)
Start importing Assets/Prefabs/Player.prefab using Guid(63640173d016f7c408530c98ffbad198) Importer(815301076,1909f56bfc062723c751e8b465ee728b)  -> (artifact id: '705dcef119884d54951305464f462e59') in 0.230361 seconds
  Import took 0.314616 seconds .

========================================================================
Received Prepare
Registering precompiled user dll's ...
Registered in 0.001173 seconds.
Begin MonoManager ReloadAssembly
Native extension for WindowsStandalone target not found
Refreshing native plugins compatible for Editor in 0.40 ms, found 0 plugins.
Preloading 0 native plugins for Editor in 0.00 ms.
Mono: successfully reloaded assembly
- Completed reload, in  0.879 seconds
Platform modules already initialized, skipping
Refreshing native plugins compatible for Editor in 0.32 ms, found 0 plugins.
Preloading 0 native plugins for Editor in 0.00 ms.
Unloading 1458 Unused Serialized files (Serialized files now loaded: 0)
System memory in use before: 75.0 MB.
System memory in use after: 75.1 MB.

Unloading 7 unused Assets to reduce memory usage. Loaded Objects now: 1989.
Total: 2.313800 ms (FindLiveObjects: 0.247100 ms CreateObjectMapping: 0.098500 ms MarkObjects: 1.866300 ms  DeleteObjects: 0.100200 ms)

========================================================================
Received Import Request.
  Time since last request: 49.679454 seconds.
  path: ProjectSettings/TagManager.asset
  artifactKey: Guid(00000000000000003000000000000000) Importer(815301076,1909f56bfc062723c751e8b465ee728b)
Start importing ProjectSettings/TagManager.asset using Guid(00000000000000003000000000000000) Importer(815301076,1909f56bfc062723c751e8b465ee728b)  -> (artifact id: '6e291d8459f73fa1589e5c40f4a40f15') in 0.025835 seconds
  Import took 0.030404 seconds .

========================================================================
Received Import Request.
  Time since last request: 98.700535 seconds.
  path: Assets/Prefabs/Player.prefab
  artifactKey: Guid(63640173d016f7c408530c98ffbad198) Importer(815301076,1909f56bfc062723c751e8b465ee728b)
Start importing Assets/Prefabs/Player.prefab using Guid(63640173d016f7c408530c98ffbad198) Importer(815301076,1909f56bfc062723c751e8b465ee728b)  -> (artifact id: '646e74ebfffe363fda814ac1ad447156') in 0.124042 seconds
  Import took 0.215233 seconds .

========================================================================
Received Import Request.
  Time since last request: 28.764387 seconds.
  path: Assets/Scripts/Levelswich.cs
  artifactKey: Guid(408aa4334e510ca4fb1862e3a6a6beb7) Importer(815301076,1909f56bfc062723c751e8b465ee728b)
Start importing Assets/Scripts/Levelswich.cs using Guid(408aa4334e510ca4fb1862e3a6a6beb7) Importer(815301076,1909f56bfc062723c751e8b465ee728b)  -> (artifact id: '928e5a5e71ca96eaedf3e52a79ac1d66') in 0.028503 seconds
  Import took 0.048344 seconds .

========================================================================
Received Import Request.
  Time since last request: 0.002516 seconds.
  path: Assets/Scripts/Levelswich.cs
  artifactKey: Guid(408aa4334e510ca4fb1862e3a6a6beb7) Importer(815301076,1909f56bfc062723c751e8b465ee728b)
Start importing Assets/Scripts/Levelswich.cs using Guid(408aa4334e510ca4fb1862e3a6a6beb7) Importer(815301076,1909f56bfc062723c751e8b465ee728b)  -> (artifact id: '928e5a5e71ca96eaedf3e52a79ac1d66') in 0.020088 seconds
  Import took 0.030352 seconds .

========================================================================
Received Prepare
Registering precompiled user dll's ...
Registered in 0.000732 seconds.
Begin MonoManager ReloadAssembly
Native extension for WindowsStandalone target not found
Refreshing native plugins compatible for Editor in 0.63 ms, found 0 plugins.
Preloading 0 native plugins for Editor in 0.00 ms.
Mono: successfully reloaded assembly
- Completed reload, in  1.239 seconds
Platform modules already initialized, skipping
Refreshing native plugins compatible for Editor in 0.25 ms, found 0 plugins.
Preloading 0 native plugins for Editor in 0.00 ms.
Unloading 1459 Unused Serialized files (Serialized files now loaded: 0)
System memory in use before: 75.1 MB.
System memory in use after: 75.2 MB.

Unloading 8 unused Assets to reduce memory usage. Loaded Objects now: 1994.
Total: 2.654600 ms (FindLiveObjects: 0.577400 ms CreateObjectMapping: 0.199800 ms MarkObjects: 1.747400 ms  DeleteObjects: 0.128100 ms)

========================================================================
Received Prepare
Registering precompiled user dll's ...
Registered in 0.000819 seconds.
Begin MonoManager ReloadAssembly
Native extension for WindowsStandalone target not found
Refreshing native plugins compatible for Editor in 0.29 ms, found 0 plugins.
Preloading 0 native plugins for Editor in 0.00 ms.
Mono: successfully reloaded assembly
- Completed reload, in  1.116 seconds
Platform modules already initialized, skipping
Refreshing native plugins compatible for Editor in 0.27 ms, found 0 plugins.
Preloading 0 native plugins for Editor in 0.00 ms.
Unloading 1459 Unused Serialized files (Serialized files now loaded: 0)
System memory in use before: 75.1 MB.
System memory in use after: 75.2 MB.

Unloading 5 unused Assets to reduce memory usage. Loaded Objects now: 1997.
Total: 2.496000 ms (FindLiveObjects: 0.147900 ms CreateObjectMapping: 0.061600 ms MarkObjects: 2.177500 ms  DeleteObjects: 0.107200 ms)

========================================================================
Received Import Request.
  Time since last request: 831.556664 seconds.
  path: Assets/Scripts/Levelswich.cs
  artifactKey: Guid(408aa4334e510ca4fb1862e3a6a6beb7) Importer(815301076,1909f56bfc062723c751e8b465ee728b)
Start importing Assets/Scripts/Levelswich.cs using Guid(408aa4334e510ca4fb1862e3a6a6beb7) Importer(815301076,1909f56bfc062723c751e8b465ee728b)  -> (artifact id: '7ca682bb92325035b49f057896926700') in 0.012667 seconds
  Import took 0.047906 seconds .

========================================================================
Received Prepare
Registering precompiled user dll's ...
Registered in 0.000934 seconds.
Begin MonoManager ReloadAssembly
Native extension for WindowsStandalone target not found
Refreshing native plugins compatible for Editor in 0.27 ms, found 0 plugins.
Preloading 0 native plugins for Editor in 0.00 ms.
Mono: successfully reloaded assembly
- Completed reload, in  0.998 seconds
Platform modules already initialized, skipping
Refreshing native plugins compatible for Editor in 0.25 ms, found 0 plugins.
Preloading 0 native plugins for Editor in 0.00 ms.
Unloading 1459 Unused Serialized files (Serialized files now loaded: 0)
System memory in use before: 75.1 MB.
System memory in use after: 75.2 MB.

Unloading 5 unused Assets to reduce memory usage. Loaded Objects now: 2000.
Total: 2.005700 ms (FindLiveObjects: 0.198300 ms CreateObjectMapping: 0.067600 ms MarkObjects: 1.642400 ms  DeleteObjects: 0.095900 ms)

========================================================================
Received Prepare
Registering precompiled user dll's ...
Registered in 0.000598 seconds.
Begin MonoManager ReloadAssembly
Native extension for WindowsStandalone target not found
Refreshing native plugins compatible for Editor in 0.38 ms, found 0 plugins.
Preloading 0 native plugins for Editor in 0.00 ms.
Mono: successfully reloaded assembly
- Completed reload, in  1.185 seconds
Platform modules already initialized, skipping
Refreshing native plugins compatible for Editor in 0.37 ms, found 0 plugins.
Preloading 0 native plugins for Editor in 0.00 ms.
Unloading 1459 Unused Serialized files (Serialized files now loaded: 0)
System memory in use before: 75.1 MB.
System memory in use after: 75.2 MB.

Unloading 5 unused Assets to reduce memory usage. Loaded Objects now: 2003.
Total: 5.192000 ms (FindLiveObjects: 0.350800 ms CreateObjectMapping: 0.293400 ms MarkObjects: 4.440300 ms  DeleteObjects: 0.106100 ms)

========================================================================
Received Import Request.
  Time since last request: 339.708398 seconds.
  path: Assets/Scenes/home.unity
  artifactKey: Guid(8ee1d73958ddfee468982bd8c24232a5) Importer(815301076,1909f56bfc062723c751e8b465ee728b)
Start importing Assets/Scenes/home.unity using Guid(8ee1d73958ddfee468982bd8c24232a5) Importer(815301076,1909f56bfc062723c751e8b465ee728b)  -> (artifact id: '001d666798f09cef7a4770256ed9e26e') in 0.044967 seconds
  Import took 0.065807 seconds .

========================================================================
Received Prepare
Registering precompiled user dll's ...
Registered in 0.000584 seconds.
Begin MonoManager ReloadAssembly
Native extension for WindowsStandalone target not found
Refreshing native plugins compatible for Editor in 0.43 ms, found 0 plugins.
Preloading 0 native plugins for Editor in 0.00 ms.
Mono: successfully reloaded assembly
- Completed reload, in  1.025 seconds
Platform modules already initialized, skipping
Refreshing native plugins compatible for Editor in 0.25 ms, found 0 plugins.
Preloading 0 native plugins for Editor in 0.00 ms.
Unloading 1459 Unused Serialized files (Serialized files now loaded: 0)
System memory in use before: 75.1 MB.
System memory in use after: 75.2 MB.

Unloading 5 unused Assets to reduce memory usage. Loaded Objects now: 2006.
Total: 2.929200 ms (FindLiveObjects: 0.758100 ms CreateObjectMapping: 0.204400 ms MarkObjects: 1.855200 ms  DeleteObjects: 0.109900 ms)

========================================================================
Received Prepare
Registering precompiled user dll's ...
Registered in 0.000793 seconds.
Begin MonoManager ReloadAssembly
Native extension for WindowsStandalone target not found
Refreshing native plugins compatible for Editor in 0.65 ms, found 0 plugins.
Preloading 0 native plugins for Editor in 0.00 ms.
Mono: successfully reloaded assembly
- Completed reload, in  0.945 seconds
Platform modules already initialized, skipping
Refreshing native plugins compatible for Editor in 0.37 ms, found 0 plugins.
Preloading 0 native plugins for Editor in 0.00 ms.
Unloading 1459 Unused Serialized files (Serialized files now loaded: 0)
System memory in use before: 75.1 MB.
System memory in use after: 75.2 MB.

Unloading 5 unused Assets to reduce memory usage. Loaded Objects now: 2009.
Total: 2.600500 ms (FindLiveObjects: 0.239800 ms CreateObjectMapping: 0.080300 ms MarkObjects: 2.177800 ms  DeleteObjects: 0.101000 ms)

========================================================================
Received Prepare
Registering precompiled user dll's ...
Registered in 0.000914 seconds.
Begin MonoManager ReloadAssembly
Native extension for WindowsStandalone target not found
Refreshing native plugins compatible for Editor in 0.55 ms, found 0 plugins.
Preloading 0 native plugins for Editor in 0.00 ms.
Mono: successfully reloaded assembly
- Completed reload, in  1.051 seconds
Platform modules already initialized, skipping
Refreshing native plugins compatible for Editor in 0.25 ms, found 0 plugins.
Preloading 0 native plugins for Editor in 0.00 ms.
Unloading 1459 Unused Serialized files (Serialized files now loaded: 0)
System memory in use before: 75.1 MB.
System memory in use after: 75.2 MB.

Unloading 5 unused Assets to reduce memory usage. Loaded Objects now: 2012.
Total: 2.688600 ms (FindLiveObjects: 0.233800 ms CreateObjectMapping: 0.081200 ms MarkObjects: 2.247800 ms  DeleteObjects: 0.123100 ms)

========================================================================
Received Import Request.
  Time since last request: 345.683629 seconds.
  path: Assets/Scripts/Gun.cs
  artifactKey: Guid(39345a7222e26e74c88da421a46d2fa3) Importer(815301076,1909f56bfc062723c751e8b465ee728b)
Start importing Assets/Scripts/Gun.cs using Guid(39345a7222e26e74c88da421a46d2fa3) Importer(815301076,1909f56bfc062723c751e8b465ee728b)  -> (artifact id: '7e87f3be882cb45303dc0746f992c6ca') in 0.005340 seconds
  Import took 0.103497 seconds .

========================================================================
Received Prepare
Registering precompiled user dll's ...
Registered in 0.000825 seconds.
Begin MonoManager ReloadAssembly
Native extension for WindowsStandalone target not found
Refreshing native plugins compatible for Editor in 0.86 ms, found 0 plugins.
Preloading 0 native plugins for Editor in 0.00 ms.
Mono: successfully reloaded assembly
- Completed reload, in  1.174 seconds
Platform modules already initialized, skipping
Refreshing native plugins compatible for Editor in 0.25 ms, found 0 plugins.
Preloading 0 native plugins for Editor in 0.00 ms.
Unloading 1459 Unused Serialized files (Serialized files now loaded: 0)
System memory in use before: 75.1 MB.
System memory in use after: 75.2 MB.

Unloading 5 unused Assets to reduce memory usage. Loaded Objects now: 2015.
Total: 3.883700 ms (FindLiveObjects: 0.319000 ms CreateObjectMapping: 0.081600 ms MarkObjects: 3.354200 ms  DeleteObjects: 0.127000 ms)

========================================================================
Received Import Request.
  Time since last request: 173.838425 seconds.
  path: Assets/Scripts/Gun.cs
  artifactKey: Guid(39345a7222e26e74c88da421a46d2fa3) Importer(815301076,1909f56bfc062723c751e8b465ee728b)
Start importing Assets/Scripts/Gun.cs using Guid(39345a7222e26e74c88da421a46d2fa3) Importer(815301076,1909f56bfc062723c751e8b465ee728b)  -> (artifact id: 'ece4937ad478bb1484ae7e17c6c3cd9e') in 0.004674 seconds
  Import took 0.130237 seconds .

========================================================================
Received Prepare
Registering precompiled user dll's ...
Registered in 0.000532 seconds.
Begin MonoManager ReloadAssembly
Native extension for WindowsStandalone target not found
Refreshing native plugins compatible for Editor in 0.52 ms, found 0 plugins.
Preloading 0 native plugins for Editor in 0.00 ms.
Mono: successfully reloaded assembly
- Completed reload, in  1.151 seconds
Platform modules already initialized, skipping
Refreshing native plugins compatible for Editor in 0.26 ms, found 0 plugins.
Preloading 0 native plugins for Editor in 0.00 ms.
Unloading 1459 Unused Serialized files (Serialized files now loaded: 0)
System memory in use before: 75.1 MB.
System memory in use after: 75.2 MB.

Unloading 5 unused Assets to reduce memory usage. Loaded Objects now: 2018.
Total: 2.668500 ms (FindLiveObjects: 0.234700 ms CreateObjectMapping: 0.072000 ms MarkObjects: 2.246700 ms  DeleteObjects: 0.112700 ms)

========================================================================
Received Prepare
Registering precompiled user dll's ...
Registered in 0.000535 seconds.
Begin MonoManager ReloadAssembly
Native extension for WindowsStandalone target not found
Refreshing native plugins compatible for Editor in 0.39 ms, found 0 plugins.
Preloading 0 native plugins for Editor in 0.00 ms.
Mono: successfully reloaded assembly
- Completed reload, in  1.091 seconds
Platform modules already initialized, skipping
Refreshing native plugins compatible for Editor in 0.25 ms, found 0 plugins.
Preloading 0 native plugins for Editor in 0.00 ms.
Unloading 1459 Unused Serialized files (Serialized files now loaded: 0)
System memory in use before: 75.1 MB.
System memory in use after: 75.2 MB.

Unloading 5 unused Assets to reduce memory usage. Loaded Objects now: 2021.
Total: 2.328100 ms (FindLiveObjects: 0.209600 ms CreateObjectMapping: 0.082500 ms MarkObjects: 1.927100 ms  DeleteObjects: 0.106900 ms)

========================================================================
Received Prepare
Registering precompiled user dll's ...
Registered in 0.000991 seconds.
Begin MonoManager ReloadAssembly
Native extension for WindowsStandalone target not found
Refreshing native plugins compatible for Editor in 0.25 ms, found 0 plugins.
Preloading 0 native plugins for Editor in 0.00 ms.
Mono: successfully reloaded assembly
- Completed reload, in  1.006 seconds
Platform modules already initialized, skipping
Refreshing native plugins compatible for Editor in 0.26 ms, found 0 plugins.
Preloading 0 native plugins for Editor in 0.00 ms.
Unloading 1459 Unused Serialized files (Serialized files now loaded: 0)
System memory in use before: 75.2 MB.
System memory in use after: 75.2 MB.

Unloading 5 unused Assets to reduce memory usage. Loaded Objects now: 2024.
Total: 6.728900 ms (FindLiveObjects: 0.726200 ms CreateObjectMapping: 0.277400 ms MarkObjects: 5.615200 ms  DeleteObjects: 0.107700 ms)

========================================================================
Received Import Request.
  Time since last request: 314.521905 seconds.
  path: Assets/Prefabs/Player.prefab
  artifactKey: Guid(63640173d016f7c408530c98ffbad198) Importer(815301076,1909f56bfc062723c751e8b465ee728b)
Start importing Assets/Prefabs/Player.prefab using Guid(63640173d016f7c408530c98ffbad198) Importer(815301076,1909f56bfc062723c751e8b465ee728b)  -> (artifact id: '4e693222cd324345df78c6fd522e2a54') in 0.138163 seconds
  Import took 0.159418 seconds .

========================================================================
Received Import Request.
  Time since last request: 2.091120 seconds.
  path: Assets/Prefabs/NextLevel.prefab
  artifactKey: Guid(f13da12e2a4a0d44592e0580f905d763) Importer(815301076,1909f56bfc062723c751e8b465ee728b)
Start importing Assets/Prefabs/NextLevel.prefab using Guid(f13da12e2a4a0d44592e0580f905d763) Importer(815301076,1909f56bfc062723c751e8b465ee728b)  -> (artifact id: '25b563cf4d0027e8028e5f49fd3a8012') in 0.012930 seconds
  Import took 0.030640 seconds .

========================================================================
Received Import Request.
  Time since last request: 6.309847 seconds.
  path: Assets/Prefabs/NextLevel.prefab
  artifactKey: Guid(f13da12e2a4a0d44592e0580f905d763) Importer(815301076,1909f56bfc062723c751e8b465ee728b)
Start importing Assets/Prefabs/NextLevel.prefab using Guid(f13da12e2a4a0d44592e0580f905d763) Importer(815301076,1909f56bfc062723c751e8b465ee728b)  -> (artifact id: 'dd07a93d2740b1814ec08708c41a6827') in 0.009984 seconds
  Import took 0.022593 seconds .

========================================================================
Received Import Request.
  Time since last request: 10.518554 seconds.
  path: Assets/Prefabs/NextLevel.prefab
  artifactKey: Guid(f13da12e2a4a0d44592e0580f905d763) Importer(815301076,1909f56bfc062723c751e8b465ee728b)
Start importing Assets/Prefabs/NextLevel.prefab using Guid(f13da12e2a4a0d44592e0580f905d763) Importer(815301076,1909f56bfc062723c751e8b465ee728b)  -> (artifact id: 'd913880f689dad6536d9e88da0e1ad06') in 0.006787 seconds
  Import took 0.011334 seconds .

========================================================================
Received Import Request.
  Time since last request: 18.427960 seconds.
  path: Assets/Prefabs/NextLevel.prefab
  artifactKey: Guid(f13da12e2a4a0d44592e0580f905d763) Importer(815301076,1909f56bfc062723c751e8b465ee728b)
Start importing Assets/Prefabs/NextLevel.prefab using Guid(f13da12e2a4a0d44592e0580f905d763) Importer(815301076,1909f56bfc062723c751e8b465ee728b)  -> (artifact id: '9f68fe414ce5e149824a9f94cfd043c8') in 0.006697 seconds
  Import took 0.011278 seconds .

========================================================================
Received Prepare
Registering precompiled user dll's ...
Registered in 0.000853 seconds.
Begin MonoManager ReloadAssembly
Native extension for WindowsStandalone target not found
Refreshing native plugins compatible for Editor in 0.27 ms, found 0 plugins.
Preloading 0 native plugins for Editor in 0.00 ms.
Mono: successfully reloaded assembly
- Completed reload, in  1.140 seconds
Platform modules already initialized, skipping
Refreshing native plugins compatible for Editor in 0.31 ms, found 0 plugins.
Preloading 0 native plugins for Editor in 0.00 ms.
Unloading 1459 Unused Serialized files (Serialized files now loaded: 0)
System memory in use before: 75.2 MB.
System memory in use after: 75.2 MB.

Unloading 7 unused Assets to reduce memory usage. Loaded Objects now: 2028.
Total: 2.898200 ms (FindLiveObjects: 0.276500 ms CreateObjectMapping: 0.134600 ms MarkObjects: 2.350200 ms  DeleteObjects: 0.134400 ms)

========================================================================
Received Import Request.
  Time since last request: 132.832908 seconds.
  path: Assets/Prefabs/NextLevel.prefab
  artifactKey: Guid(f13da12e2a4a0d44592e0580f905d763) Importer(815301076,1909f56bfc062723c751e8b465ee728b)
Start importing Assets/Prefabs/NextLevel.prefab using Guid(f13da12e2a4a0d44592e0580f905d763) Importer(815301076,1909f56bfc062723c751e8b465ee728b)  -> (artifact id: 'da9730eb436e7e8b0783d62ad18aee9d') in 0.077272 seconds
  Import took 0.099244 seconds .

========================================================================
Received Prepare
Registering precompiled user dll's ...
Registered in 0.000530 seconds.
Begin MonoManager ReloadAssembly
Native extension for WindowsStandalone target not found
Refreshing native plugins compatible for Editor in 0.26 ms, found 0 plugins.
Preloading 0 native plugins for Editor in 0.00 ms.
Mono: successfully reloaded assembly
- Completed reload, in  1.428 seconds
Platform modules already initialized, skipping
Refreshing native plugins compatible for Editor in 0.45 ms, found 0 plugins.
Preloading 0 native plugins for Editor in 0.00 ms.
Unloading 1459 Unused Serialized files (Serialized files now loaded: 0)
System memory in use before: 75.2 MB.
System memory in use after: 75.3 MB.

Unloading 5 unused Assets to reduce memory usage. Loaded Objects now: 2031.
Total: 2.955500 ms (FindLiveObjects: 0.431800 ms CreateObjectMapping: 0.154500 ms MarkObjects: 2.263400 ms  DeleteObjects: 0.102300 ms)

========================================================================
Received Prepare
Registering precompiled user dll's ...
Registered in 0.000559 seconds.
Begin MonoManager ReloadAssembly
Native extension for WindowsStandalone target not found
Refreshing native plugins compatible for Editor in 0.25 ms, found 0 plugins.
Preloading 0 native plugins for Editor in 0.00 ms.
Mono: successfully reloaded assembly
- Completed reload, in  1.056 seconds
Platform modules already initialized, skipping
Refreshing native plugins compatible for Editor in 0.29 ms, found 0 plugins.
Preloading 0 native plugins for Editor in 0.00 ms.
Unloading 1459 Unused Serialized files (Serialized files now loaded: 0)
System memory in use before: 75.2 MB.
System memory in use after: 75.3 MB.

Unloading 5 unused Assets to reduce memory usage. Loaded Objects now: 2034.
Total: 4.091800 ms (FindLiveObjects: 0.504400 ms CreateObjectMapping: 0.086600 ms MarkObjects: 3.387200 ms  DeleteObjects: 0.111100 ms)

========================================================================
Received Prepare
Registering precompiled user dll's ...
Registered in 0.012486 seconds.
Begin MonoManager ReloadAssembly
Native extension for WindowsStandalone target not found
Refreshing native plugins compatible for Editor in 2.65 ms, found 0 plugins.
Preloading 0 native plugins for Editor in 0.01 ms.
Mono: successfully reloaded assembly
- Completed reload, in 15.134 seconds
Platform modules already initialized, skipping
Refreshing native plugins compatible for Editor in 0.26 ms, found 0 plugins.
Preloading 0 native plugins for Editor in 0.00 ms.
Unloading 1459 Unused Serialized files (Serialized files now loaded: 0)
System memory in use before: 75.2 MB.
System memory in use after: 75.3 MB.

Unloading 5 unused Assets to reduce memory usage. Loaded Objects now: 2037.
Total: 2.625400 ms (FindLiveObjects: 0.191800 ms CreateObjectMapping: 0.068600 ms MarkObjects: 2.260700 ms  DeleteObjects: 0.102200 ms)

========================================================================
Received Prepare
Registering precompiled user dll's ...
Registered in 0.000545 seconds.
Begin MonoManager ReloadAssembly
Native extension for WindowsStandalone target not found
Refreshing native plugins compatible for Editor in 0.30 ms, found 0 plugins.
Preloading 0 native plugins for Editor in 0.00 ms.
Mono: successfully reloaded assembly
- Completed reload, in  0.784 seconds
Platform modules already initialized, skipping
Refreshing native plugins compatible for Editor in 0.27 ms, found 0 plugins.
Preloading 0 native plugins for Editor in 0.00 ms.
Unloading 1459 Unused Serialized files (Serialized files now loaded: 0)
System memory in use before: 75.2 MB.
System memory in use after: 75.3 MB.

Unloading 5 unused Assets to reduce memory usage. Loaded Objects now: 2040.
Total: 2.880900 ms (FindLiveObjects: 0.254500 ms CreateObjectMapping: 0.086400 ms MarkObjects: 2.372000 ms  DeleteObjects: 0.165900 ms)

========================================================================
Received Prepare
Registering precompiled user dll's ...
Registered in 0.000546 seconds.
Begin MonoManager ReloadAssembly
Native extension for WindowsStandalone target not found
Refreshing native plugins compatible for Editor in 0.25 ms, found 0 plugins.
Preloading 0 native plugins for Editor in 0.00 ms.
Mono: successfully reloaded assembly
- Completed reload, in  1.005 seconds
Platform modules already initialized, skipping
Refreshing native plugins compatible for Editor in 0.25 ms, found 0 plugins.
Preloading 0 native plugins for Editor in 0.00 ms.
Unloading 1459 Unused Serialized files (Serialized files now loaded: 0)
System memory in use before: 75.2 MB.
System memory in use after: 75.3 MB.

Unloading 5 unused Assets to reduce memory usage. Loaded Objects now: 2043.
Total: 7.373100 ms (FindLiveObjects: 0.242400 ms CreateObjectMapping: 0.372400 ms MarkObjects: 6.634000 ms  DeleteObjects: 0.122200 ms)

========================================================================
Received Prepare
Refreshing native plugins compatible for Editor in 1.97 ms, found 0 plugins.
Preloading 0 native plugins for Editor in 0.00 ms.
Unloading 3 Unused Serialized files (Serialized files now loaded: 0)
System memory in use before: 46.4 MB.
System memory in use after: 46.5 MB.

Unloading 3 unused Assets to reduce memory usage. Loaded Objects now: 2043.
Total: 3.618600 ms (FindLiveObjects: 0.174800 ms CreateObjectMapping: 0.045700 ms MarkObjects: 3.209200 ms  DeleteObjects: 0.186100 ms)

AssetImportWorkerClient::OnTransportError - code=2 error=End of file
